<?xml version="1.0" encoding="UTF-8"?>
<testng-results ignored="0" total="1" passed="1" failed="0" skipped="0">
  <reporter-output>
  </reporter-output>
  <suite started-at="2024-04-14T22:41:31 TRT" name="Default suite" finished-at="2024-04-14T22:41:52 TRT" duration-ms="21213">
    <groups>
    </groups>
    <test started-at="2024-04-14T22:41:31 TRT" name="Default test" finished-at="2024-04-14T22:41:52 TRT" duration-ms="21213">
      <class name="MustPro.MisceallanousAppiumActions">
        <test-method is-config="true" signature="ConfigureAppium()[pri:0, instance:MustPro.MisceallanousAppiumActions@48e4374]" started-at="2024-04-14T22:41:31 TRT" name="ConfigureAppium" finished-at="2024-04-14T22:41:39 TRT" duration-ms="8654" status="PASS">
          <reporter-output>
          </reporter-output>
        </test-method> <!-- ConfigureAppium -->
        <test-method signature="Miscellanous()[pri:0, instance:MustPro.MisceallanousAppiumActions@48e4374]" started-at="2024-04-14T22:41:40 TRT" name="Miscellanous" finished-at="2024-04-14T22:41:51 TRT" duration-ms="11739" status="PASS">
          <reporter-output>
          </reporter-output>
        </test-method> <!-- Miscellanous -->
        <test-method is-config="true" signature="tearDown()[pri:0, instance:MustPro.MisceallanousAppiumActions@48e4374]" started-at="2024-04-14T22:41:51 TRT" name="tearDown" finished-at="2024-04-14T22:41:52 TRT" duration-ms="781" status="PASS">
          <reporter-output>
          </reporter-output>
        </test-method> <!-- tearDown -->
      </class> <!-- MustPro.MisceallanousAppiumActions -->
    </test> <!-- Default test -->
  </suite> <!-- Default suite -->
</testng-results>
